<?xml version="1.0" encoding="UTF-8"?>
<testsuite name="TestSuite" time="144.14" tests="10" errors="0" skipped="0" failures="3">
  <properties>
    <property name="java.runtime.name" value="Java(TM) SE Runtime Environment"/>
    <property name="sun.boot.library.path" value="C:\Program Files\Java\jdk1.8.0_31\jre\bin"/>
    <property name="java.vm.version" value="25.31-b07"/>
    <property name="java.vm.vendor" value="Oracle Corporation"/>
    <property name="java.vendor.url" value="http://java.oracle.com/"/>
    <property name="path.separator" value=";"/>
    <property name="guice.disable.misplaced.annotation.check" value="true"/>
    <property name="java.vm.name" value="Java HotSpot(TM) Client VM"/>
    <property name="file.encoding.pkg" value="sun.io"/>
    <property name="user.script" value=""/>
    <property name="user.country" value="US"/>
    <property name="sun.java.launcher" value="SUN_STANDARD"/>
    <property name="sun.os.patch.level" value="Service Pack 1"/>
    <property name="java.vm.specification.name" value="Java Virtual Machine Specification"/>
    <property name="user.dir" value="E:\DefectViewSystem\goibibo-travel"/>
    <property name="java.runtime.version" value="1.8.0_31-b13"/>
    <property name="java.awt.graphicsenv" value="sun.awt.Win32GraphicsEnvironment"/>
    <property name="java.endorsed.dirs" value="C:\Program Files\Java\jdk1.8.0_31\jre\lib\endorsed"/>
    <property name="os.arch" value="x86"/>
    <property name="java.io.tmpdir" value="C:\Users\rs001080.IND\AppData\Local\Temp\"/>
    <property name="line.separator" value="&#10;"/>
    <property name="java.vm.specification.vendor" value="Oracle Corporation"/>
    <property name="user.variant" value=""/>
    <property name="os.name" value="Windows 7"/>
    <property name="classworlds.conf" value="E:\DefectViewSystem\.metadata\.plugins\org.eclipse.m2e.launching\launches\m2conf3608479231246454073.tmp"/>
    <property name="sun.jnu.encoding" value="Cp1252"/>
    <property name="java.library.path" value="C:\Program Files\Java\jdk1.8.0_31\bin;C:\Windows\Sun\Java\bin;C:\Windows\system32;C:\Windows;C:/Program Files/Java/jre1.8.0_45/bin/client;C:/Program Files/Java/jre1.8.0_45/bin;C:/Program Files/Java/jre1.8.0_45/lib/i386;C:\ProgramData\Oracle\Java\javapath;C:\Program Files\Intel\iCLS Client\;C:\Windows\system32;C:\Windows;C:\Windows\System32\Wbem;C:\Windows\System32\WindowsPowerShell\v1.0\;C:\Program Files\Intel\Intel(R) Management Engine Components\DAL;C:\Program Files\Intel\Intel(R) Management Engine Components\IPT;C:\Program Files\Java\jdk1.8.0_31\bin;C:\Program Files\TortoiseSVN\bin;C:\Program Files\Git\cmd;C:\Program Files\Bitvise Tunnelier;C:\Program Files\Brackets\command;C:\Program Files\Java\jdk1.8.0_31\jre\bin;E:\QA_Session\android-sdk\platforms;C:\Program Files\nodejs;E:\QA_Session\android-sdk\platform-tools;C:\Users\rs001080.IND\AppData\Roaming\npm;C:\Program Files\nodejs\node_modules\npm\bin;;D:\Softwares\eclipse-standard-kepler-SR2-win32 (FONNOIDSK23)\eclipse;;."/>
    <property name="java.specification.name" value="Java Platform API Specification"/>
    <property name="java.class.version" value="52.0"/>
    <property name="sun.management.compiler" value="HotSpot Client Compiler"/>
    <property name="os.version" value="6.1"/>
    <property name="user.home" value="C:\Users\rs001080.IND"/>
    <property name="user.timezone" value="Asia/Calcutta"/>
    <property name="java.awt.printerjob" value="sun.awt.windows.WPrinterJob"/>
    <property name="java.specification.version" value="1.8"/>
    <property name="file.encoding" value="Cp1252"/>
    <property name="user.name" value="RS001080"/>
    <property name="java.class.path" value="/D:/Softwares/eclipse-standard-kepler-SR2-win32 (FONNOIDSK23)/eclipse/configuration/org.eclipse.osgi/bundles/636/1/.cp/jars/plexus-classworlds-2.4.jar"/>
    <property name="java.vm.specification.version" value="1.8"/>
    <property name="sun.arch.data.model" value="32"/>
    <property name="java.home" value="C:\Program Files\Java\jdk1.8.0_31\jre"/>
    <property name="sun.java.command" value="org.codehaus.plexus.classworlds.launcher.Launcher -B -s C:\Users\rs001080\.m2\settings.xml install"/>
    <property name="java.specification.vendor" value="Oracle Corporation"/>
    <property name="user.language" value="en"/>
    <property name="awt.toolkit" value="sun.awt.windows.WToolkit"/>
    <property name="java.vm.info" value="mixed mode, sharing"/>
    <property name="java.version" value="1.8.0_31"/>
    <property name="java.ext.dirs" value="C:\Program Files\Java\jdk1.8.0_31\jre\lib\ext;C:\Windows\Sun\Java\lib\ext"/>
    <property name="sun.boot.class.path" value="C:\Program Files\Java\jdk1.8.0_31\jre\lib\resources.jar;C:\Program Files\Java\jdk1.8.0_31\jre\lib\rt.jar;C:\Program Files\Java\jdk1.8.0_31\jre\lib\sunrsasign.jar;C:\Program Files\Java\jdk1.8.0_31\jre\lib\jsse.jar;C:\Program Files\Java\jdk1.8.0_31\jre\lib\jce.jar;C:\Program Files\Java\jdk1.8.0_31\jre\lib\charsets.jar;C:\Program Files\Java\jdk1.8.0_31\jre\lib\jfr.jar;C:\Program Files\Java\jdk1.8.0_31\jre\classes"/>
    <property name="java.vendor" value="Oracle Corporation"/>
    <property name="maven.home" value="E:\DefectViewSystem\goibibo-travel\EMBEDDED"/>
    <property name="file.separator" value="\"/>
    <property name="java.vendor.url.bug" value="http://bugreport.sun.com/bugreport/"/>
    <property name="maven.bootclasspath" value="/D:/Softwares/eclipse-standard-kepler-SR2-win32 (FONNOIDSK23)/eclipse/configuration/org.eclipse.osgi/bundles/636/1/.cp/jars/plexus-classworlds-2.4.jar"/>
    <property name="sun.cpu.endian" value="little"/>
    <property name="sun.io.unicode.encoding" value="UnicodeLittle"/>
    <property name="sun.desktop" value="windows"/>
    <property name="sun.cpu.isalist" value="pentium_pro+mmx pentium_pro pentium+mmx pentium i486 i386 i86"/>
  </properties>
  <testcase name="Main_Enter_Invalid_Source_Invalid_Destination_Select_Departure_Date_Return_Date_Click_Search_Button_ValidateFunctionality" classname="com.devops.src.testcases.Main" time="14.011"/>
  <testcase name="Main_Enter_Valid_Source_Invalid_Destination_Select_Departure_Date_Return_Date_Click_Search_Button_ValidateFunctionality" classname="com.devops.src.testcases.Main" time="9.641"/>
  <testcase name="Main_Enter_InValid_Source_Valid_Destination_Select_Departure_Date_Return_Date_Click_Search_Button_ValidateFunctionality" classname="com.devops.src.testcases.Main" time="8.961"/>
  <testcase name="Main_Enter_Empty_Source_Valid_Destination_Select_Departure_Date_Return_Date_Click_Search_Button_ValidateFunctionality" classname="com.devops.src.testcases.Main" time="7.428">
    <failure message="User is not on Search Page" type="junit.framework.AssertionFailedError">junit.framework.AssertionFailedError: User is not on Search Page
	at junit.framework.Assert.fail(Assert.java:47)
	at junit.framework.Assert.assertTrue(Assert.java:20)
	at com.devops.src.util.Utils.assertExistence(Utils.java:84)
	at com.devops.src.testcases.Main.Main_Enter_Empty_Source_Valid_Destination_Select_Departure_Date_Return_Date_Click_Search_Button_ValidateFunctionality(Main.java:73)
</failure>
  </testcase>
  <testcase name="Main_Enter_Valid_Source_Empty_Destination_Select_Departure_Date_Return_Date_Click_Search_Button_ValidateFunctionality" classname="com.devops.src.testcases.Main" time="7.621">
    <failure message="User is not on Search Page" type="junit.framework.AssertionFailedError">junit.framework.AssertionFailedError: User is not on Search Page
	at junit.framework.Assert.fail(Assert.java:47)
	at junit.framework.Assert.assertTrue(Assert.java:20)
	at com.devops.src.util.Utils.assertExistence(Utils.java:84)
	at com.devops.src.testcases.Main.Main_Enter_Valid_Source_Empty_Destination_Select_Departure_Date_Return_Date_Click_Search_Button_ValidateFunctionality(Main.java:86)
</failure>
  </testcase>
  <testcase name="Main_Enter_Empty_Source_Empty_Destination_Select_Departure_Date_Return_Date_Click_Search_Button_ValidateFunctionality" classname="com.devops.src.testcases.Main" time="22.192">
    <failure message="User is not on Search Page" type="junit.framework.AssertionFailedError">junit.framework.AssertionFailedError: User is not on Search Page
	at junit.framework.Assert.fail(Assert.java:47)
	at junit.framework.Assert.assertTrue(Assert.java:20)
	at com.devops.src.util.Utils.assertExistence(Utils.java:84)
	at com.devops.src.testcases.Main.Main_Enter_Empty_Source_Empty_Destination_Select_Departure_Date_Return_Date_Click_Search_Button_ValidateFunctionality(Main.java:98)
</failure>
  </testcase>
  <testcase name="Main_Enter_Valid_Source_Valid_Destination_Select_Departure_Date_Return_Date_Click_Search_Button_ValidateFunctionality" classname="com.devops.src.testcases.Main" time="8.379"/>
  <testcase name="FlightBooking_Select_Lowest_ArrivalFare_Lowest_DepartureFare_Click_Book_Button_ValidateFunctionality" classname="com.devops.src.testcases.Booking" time="28.247"/>
  <testcase name="FlightBooking_Enter_Empty_Source_Empty_Destination_Select_DepartureDate_ReturnDate_Click_Search_Button_ValidateFunctionality" classname="com.devops.src.testcases.Booking" time="8.777"/>
  <testcase name="Payment_Select_UserTitle_Input_AdultName_Fields_EmailAddress_MobileNumber_Click_MakePayment_Button_ValidateFunctionality" classname="com.devops.src.testcases.Payment" time="28.883"/>
</testsuite>