<?xml version="1.0" encoding="UTF-8"?>
<testsuite name="TestSuite" time="144.14" tests="10" errors="0" skipped="0" failures="3">
  <properties>
[...]
</properties>
  <testcase name="Main_Enter_Invalid_Source_Invalid_Destination_Select_Departure_Date_Return_Date_Click_Search_Button_ValidateFunctionality" classname="com.devops.src.testcases.Main" time="14.011"/>
  <testcase name="Main_Enter_Valid_Source_Invalid_Destination_Select_Departure_Date_Return_Date_Click_Search_Button_ValidateFunctionality" classname="com.devops.src.testcases.Main" time="9.641"/>
  <testcase name="Main_Enter_InValid_Source_Valid_Destination_Select_Departure_Date_Return_Date_Click_Search_Button_ValidateFunctionality" classname="com.devops.src.testcases.Main" time="8.961"/>
  <testcase name="Main_Enter_Empty_Source_Valid_Destination_Select_Departure_Date_Return_Date_Click_Search_Button_ValidateFunctionality" classname="com.devops.src.testcases.Main" time="7.428">
    <failure message="User is not on Search Page" type="junit.framework.AssertionFailedError">junit.framework.AssertionFailedError: User is not on Search Page
	at junit.framework.Assert.fail(Assert.java:47)
	at junit.framework.Assert.assertTrue(Assert.java:20)
	at com.devops.src.util.Utils.assertExistence(Utils.java:84)
	at com.devops.src.testcases.Main.Main_Enter_Empty_Source_Valid_Destination_Select_Departure_Date_Return_Date_Click_Search_Button_ValidateFunctionality(Main.java:73)
</failure>
  </testcase>
  <testcase name="Main_Enter_Valid_Source_Empty_Destination_Select_Departure_Date_Return_Date_Click_Search_Button_ValidateFunctionality" classname="com.devops.src.testcases.Main" time="7.621">
    <failure message="User is not on Search Page" type="junit.framework.AssertionFailedError">junit.framework.AssertionFailedError: User is not on Search Page
	at junit.framework.Assert.fail(Assert.java:47)
	at junit.framework.Assert.assertTrue(Assert.java:20)
	at com.devops.src.util.Utils.assertExistence(Utils.java:84)
	at com.devops.src.testcases.Main.Main_Enter_Valid_Source_Empty_Destination_Select_Departure_Date_Return_Date_Click_Search_Button_ValidateFunctionality(Main.java:86)
</failure>
  </testcase>
  <testcase name="Main_Enter_Empty_Source_Empty_Destination_Select_Departure_Date_Return_Date_Click_Search_Button_ValidateFunctionality" classname="com.devops.src.testcases.Main" time="22.192">
    <failure message="User is not on Search Page" type="junit.framework.AssertionFailedError">junit.framework.AssertionFailedError: User is not on Search Page
	at junit.framework.Assert.fail(Assert.java:47)
	at junit.framework.Assert.assertTrue(Assert.java:20)
	at com.devops.src.util.Utils.assertExistence(Utils.java:84)
	at com.devops.src.testcases.Main.Main_Enter_Empty_Source_Empty_Destination_Select_Departure_Date_Return_Date_Click_Search_Button_ValidateFunctionality(Main.java:98)
</failure>
  </testcase>
  <testcase name="Main_Enter_Valid_Source_Valid_Destination_Select_Departure_Date_Return_Date_Click_Search_Button_ValidateFunctionality" classname="com.devops.src.testcases.Main" time="8.379"/>
  <testcase name="FlightBooking_Select_Lowest_ArrivalFare_Lowest_DepartureFare_Click_Book_Button_ValidateFunctionality" classname="com.devops.src.testcases.Booking" time="28.247"/>
  <testcase name="FlightBooking_Enter_Empty_Source_Empty_Destination_Select_DepartureDate_ReturnDate_Click_Search_Button_ValidateFunctionality" classname="com.devops.src.testcases.Booking" time="8.777"/>
  <testcase name="Payment_Select_UserTitle_Input_AdultName_Fields_EmailAddress_MobileNumber_Click_MakePayment_Button_ValidateFunctionality" classname="com.devops.src.testcases.Payment" time="28.883"/>
</testsuite>