<?xml version="1.0" encoding="UTF-8"?>
<testng-results skipped="0" failed="3" total="10" passed="7">
  <reporter-output>
  </reporter-output>
  <suite name="suite" duration-ms="185855" started-at="2016-06-02T06:49:02Z" finished-at="2016-06-02T06:52:08Z">
    <groups>
    </groups>
    <test name="Main_Windows_FF" duration-ms="185855" started-at="2016-06-02T06:49:02Z" finished-at="2016-06-02T06:52:08Z">
      <class name="com.devops.src.testcases.Main">
        <test-method status="PASS" signature="Main_Enter_Invalid_Source_Invalid_Destination_Select_Departure_Date_Return_Date_Click_Search_Button_ValidateFunctionality()[pri:0, instance:com.devops.src.testcases.Main@837a77]" name="Main_Enter_Invalid_Source_Invalid_Destination_Select_Departure_Date_Return_Date_Click_Search_Button_ValidateFunctionality" duration-ms="14012" started-at="2016-06-02T12:19:41Z" finished-at="2016-06-02T12:19:55Z">
          <reporter-output>
          </reporter-output>
        </test-method> <!-- Main_Enter_Invalid_Source_Invalid_Destination_Select_Departure_Date_Return_Date_Click_Search_Button_ValidateFunctionality -->
        <test-method status="PASS" signature="Main_Enter_Valid_Source_Invalid_Destination_Select_Departure_Date_Return_Date_Click_Search_Button_ValidateFunctionality()[pri:0, instance:com.devops.src.testcases.Main@837a77]" name="Main_Enter_Valid_Source_Invalid_Destination_Select_Departure_Date_Return_Date_Click_Search_Button_ValidateFunctionality" duration-ms="9641" started-at="2016-06-02T12:19:55Z" finished-at="2016-06-02T12:20:05Z">
          <reporter-output>
          </reporter-output>
        </test-method> <!-- Main_Enter_Valid_Source_Invalid_Destination_Select_Departure_Date_Return_Date_Click_Search_Button_ValidateFunctionality -->
        <test-method status="PASS" signature="Main_Enter_InValid_Source_Valid_Destination_Select_Departure_Date_Return_Date_Click_Search_Button_ValidateFunctionality()[pri:0, instance:com.devops.src.testcases.Main@837a77]" name="Main_Enter_InValid_Source_Valid_Destination_Select_Departure_Date_Return_Date_Click_Search_Button_ValidateFunctionality" duration-ms="8961" started-at="2016-06-02T12:20:05Z" finished-at="2016-06-02T12:20:14Z">
          <reporter-output>
          </reporter-output>
        </test-method> <!-- Main_Enter_InValid_Source_Valid_Destination_Select_Departure_Date_Return_Date_Click_Search_Button_ValidateFunctionality -->
        <test-method status="FAIL" signature="Main_Enter_Empty_Source_Valid_Destination_Select_Departure_Date_Return_Date_Click_Search_Button_ValidateFunctionality()[pri:0, instance:com.devops.src.testcases.Main@837a77]" name="Main_Enter_Empty_Source_Valid_Destination_Select_Departure_Date_Return_Date_Click_Search_Button_ValidateFunctionality" duration-ms="7421" started-at="2016-06-02T12:20:14Z" finished-at="2016-06-02T12:20:21Z">
          <exception class="junit.framework.AssertionFailedError">
            <message>
              <![CDATA[User is not on Search Page]]>
            </message>
            <full-stacktrace>
              <![CDATA[junit.framework.AssertionFailedError: User is not on Search Page
	at junit.framework.Assert.fail(Assert.java:47)
	at junit.framework.Assert.assertTrue(Assert.java:20)
	at com.devops.src.util.Utils.assertExistence(Utils.java:84)
	at com.devops.src.testcases.Main.Main_Enter_Empty_Source_Valid_Destination_Select_Departure_Date_Return_Date_Click_Search_Button_ValidateFunctionality(Main.java:73)
	at sun.reflect.NativeMethodAccessorImpl.invoke0(Native Method)
	at sun.reflect.NativeMethodAccessorImpl.invoke(NativeMethodAccessorImpl.java:62)
	at sun.reflect.DelegatingMethodAccessorImpl.invoke(DelegatingMethodAccessorImpl.java:43)
	at java.lang.reflect.Method.invoke(Method.java:483)
	at org.testng.internal.MethodInvocationHelper.invokeMethod(MethodInvocationHelper.java:85)
	at org.testng.internal.Invoker.invokeMethod(Invoker.java:659)
	at org.testng.internal.Invoker.invokeTestMethod(Invoker.java:845)
	at org.testng.internal.Invoker.invokeTestMethods(Invoker.java:1153)
	at org.testng.internal.TestMethodWorker.invokeTestMethods(TestMethodWorker.java:125)
	at org.testng.internal.TestMethodWorker.run(TestMethodWorker.java:108)
	at org.testng.TestRunner.privateRun(TestRunner.java:771)
	at org.testng.TestRunner.run(TestRunner.java:621)
	at org.testng.SuiteRunner.runTest(SuiteRunner.java:357)
	at org.testng.SuiteRunner.access$000(SuiteRunner.java:38)
	at org.testng.SuiteRunner$SuiteWorker.run(SuiteRunner.java:391)
	at org.testng.internal.thread.ThreadUtil$2.call(ThreadUtil.java:64)
	at java.util.concurrent.FutureTask.run(FutureTask.java:266)
	at java.util.concurrent.ThreadPoolExecutor.runWorker(ThreadPoolExecutor.java:1142)
	at java.util.concurrent.ThreadPoolExecutor$Worker.run(ThreadPoolExecutor.java:617)
	at java.lang.Thread.run(Thread.java:745)
]]>
            </full-stacktrace>
          </exception> <!-- junit.framework.AssertionFailedError -->
          <reporter-output>
          </reporter-output>
        </test-method> <!-- Main_Enter_Empty_Source_Valid_Destination_Select_Departure_Date_Return_Date_Click_Search_Button_ValidateFunctionality -->
        <test-method status="FAIL" signature="Main_Enter_Valid_Source_Empty_Destination_Select_Departure_Date_Return_Date_Click_Search_Button_ValidateFunctionality()[pri:0, instance:com.devops.src.testcases.Main@837a77]" name="Main_Enter_Valid_Source_Empty_Destination_Select_Departure_Date_Return_Date_Click_Search_Button_ValidateFunctionality" duration-ms="7622" started-at="2016-06-02T12:20:21Z" finished-at="2016-06-02T12:20:29Z">
          <exception class="junit.framework.AssertionFailedError">
            <message>
              <![CDATA[User is not on Search Page]]>
            </message>
            <full-stacktrace>
              <![CDATA[junit.framework.AssertionFailedError: User is not on Search Page
	at junit.framework.Assert.fail(Assert.java:47)
	at junit.framework.Assert.assertTrue(Assert.java:20)
	at com.devops.src.util.Utils.assertExistence(Utils.java:84)
	at com.devops.src.testcases.Main.Main_Enter_Valid_Source_Empty_Destination_Select_Departure_Date_Return_Date_Click_Search_Button_ValidateFunctionality(Main.java:86)
	at sun.reflect.NativeMethodAccessorImpl.invoke0(Native Method)
	at sun.reflect.NativeMethodAccessorImpl.invoke(NativeMethodAccessorImpl.java:62)
	at sun.reflect.DelegatingMethodAccessorImpl.invoke(DelegatingMethodAccessorImpl.java:43)
	at java.lang.reflect.Method.invoke(Method.java:483)
	at org.testng.internal.MethodInvocationHelper.invokeMethod(MethodInvocationHelper.java:85)
	at org.testng.internal.Invoker.invokeMethod(Invoker.java:659)
	at org.testng.internal.Invoker.invokeTestMethod(Invoker.java:845)
	at org.testng.internal.Invoker.invokeTestMethods(Invoker.java:1153)
	at org.testng.internal.TestMethodWorker.invokeTestMethods(TestMethodWorker.java:125)
	at org.testng.internal.TestMethodWorker.run(TestMethodWorker.java:108)
	at org.testng.TestRunner.privateRun(TestRunner.java:771)
	at org.testng.TestRunner.run(TestRunner.java:621)
	at org.testng.SuiteRunner.runTest(SuiteRunner.java:357)
	at org.testng.SuiteRunner.access$000(SuiteRunner.java:38)
	at org.testng.SuiteRunner$SuiteWorker.run(SuiteRunner.java:391)
	at org.testng.internal.thread.ThreadUtil$2.call(ThreadUtil.java:64)
	at java.util.concurrent.FutureTask.run(FutureTask.java:266)
	at java.util.concurrent.ThreadPoolExecutor.runWorker(ThreadPoolExecutor.java:1142)
	at java.util.concurrent.ThreadPoolExecutor$Worker.run(ThreadPoolExecutor.java:617)
	at java.lang.Thread.run(Thread.java:745)
]]>
            </full-stacktrace>
          </exception> <!-- junit.framework.AssertionFailedError -->
          <reporter-output>
          </reporter-output>
        </test-method> <!-- Main_Enter_Valid_Source_Empty_Destination_Select_Departure_Date_Return_Date_Click_Search_Button_ValidateFunctionality -->
        <test-method status="FAIL" signature="Main_Enter_Empty_Source_Empty_Destination_Select_Departure_Date_Return_Date_Click_Search_Button_ValidateFunctionality()[pri:0, instance:com.devops.src.testcases.Main@837a77]" name="Main_Enter_Empty_Source_Empty_Destination_Select_Departure_Date_Return_Date_Click_Search_Button_ValidateFunctionality" duration-ms="22192" started-at="2016-06-02T12:20:29Z" finished-at="2016-06-02T12:20:51Z">
          <exception class="junit.framework.AssertionFailedError">
            <message>
              <![CDATA[User is not on Search Page]]>
            </message>
            <full-stacktrace>
              <![CDATA[junit.framework.AssertionFailedError: User is not on Search Page
	at junit.framework.Assert.fail(Assert.java:47)
	at junit.framework.Assert.assertTrue(Assert.java:20)
	at com.devops.src.util.Utils.assertExistence(Utils.java:84)
	at com.devops.src.testcases.Main.Main_Enter_Empty_Source_Empty_Destination_Select_Departure_Date_Return_Date_Click_Search_Button_ValidateFunctionality(Main.java:98)
	at sun.reflect.NativeMethodAccessorImpl.invoke0(Native Method)
	at sun.reflect.NativeMethodAccessorImpl.invoke(NativeMethodAccessorImpl.java:62)
	at sun.reflect.DelegatingMethodAccessorImpl.invoke(DelegatingMethodAccessorImpl.java:43)
	at java.lang.reflect.Method.invoke(Method.java:483)
	at org.testng.internal.MethodInvocationHelper.invokeMethod(MethodInvocationHelper.java:85)
	at org.testng.internal.Invoker.invokeMethod(Invoker.java:659)
	at org.testng.internal.Invoker.invokeTestMethod(Invoker.java:845)
	at org.testng.internal.Invoker.invokeTestMethods(Invoker.java:1153)
	at org.testng.internal.TestMethodWorker.invokeTestMethods(TestMethodWorker.java:125)
	at org.testng.internal.TestMethodWorker.run(TestMethodWorker.java:108)
	at org.testng.TestRunner.privateRun(TestRunner.java:771)
	at org.testng.TestRunner.run(TestRunner.java:621)
	at org.testng.SuiteRunner.runTest(SuiteRunner.java:357)
	at org.testng.SuiteRunner.access$000(SuiteRunner.java:38)
	at org.testng.SuiteRunner$SuiteWorker.run(SuiteRunner.java:391)
	at org.testng.internal.thread.ThreadUtil$2.call(ThreadUtil.java:64)
	at java.util.concurrent.FutureTask.run(FutureTask.java:266)
	at java.util.concurrent.ThreadPoolExecutor.runWorker(ThreadPoolExecutor.java:1142)
	at java.util.concurrent.ThreadPoolExecutor$Worker.run(ThreadPoolExecutor.java:617)
	at java.lang.Thread.run(Thread.java:745)
]]>
            </full-stacktrace>
          </exception> <!-- junit.framework.AssertionFailedError -->
          <reporter-output>
          </reporter-output>
        </test-method> <!-- Main_Enter_Empty_Source_Empty_Destination_Select_Departure_Date_Return_Date_Click_Search_Button_ValidateFunctionality -->
        <test-method status="PASS" signature="Main_Enter_Valid_Source_Valid_Destination_Select_Departure_Date_Return_Date_Click_Search_Button_ValidateFunctionality()[pri:0, instance:com.devops.src.testcases.Main@837a77]" name="Main_Enter_Valid_Source_Valid_Destination_Select_Departure_Date_Return_Date_Click_Search_Button_ValidateFunctionality" duration-ms="8378" started-at="2016-06-02T12:20:51Z" finished-at="2016-06-02T12:21:00Z">
          <reporter-output>
          </reporter-output>
        </test-method> <!-- Main_Enter_Valid_Source_Valid_Destination_Select_Departure_Date_Return_Date_Click_Search_Button_ValidateFunctionality -->
      </class> <!-- com.devops.src.testcases.Main -->
      <class name="com.devops.src.testcases.Booking">
        <test-method status="PASS" signature="testRead(java.lang.String)[pri:0, instance:com.devops.src.testcases.Booking@ba2a48]" name="testRead" is-config="true" duration-ms="20485" started-at="2016-06-02T12:19:02Z" finished-at="2016-06-02T12:19:22Z">
          <params>
            <param index="0">
              <value>
                <![CDATA[firefox]]>
              </value>
            </param>
          </params>
          <reporter-output>
          </reporter-output>
        </test-method> <!-- testRead -->
        <test-method status="PASS" signature="testRead(java.lang.String)[pri:0, instance:com.devops.src.testcases.Main@837a77]" name="testRead" is-config="true" duration-ms="9865" started-at="2016-06-02T12:19:22Z" finished-at="2016-06-02T12:19:32Z">
          <params>
            <param index="0">
              <value>
                <![CDATA[firefox]]>
              </value>
            </param>
          </params>
          <reporter-output>
          </reporter-output>
        </test-method> <!-- testRead -->
        <test-method status="PASS" signature="testRead(java.lang.String)[pri:0, instance:com.devops.src.testcases.Payment@1554825]" name="testRead" is-config="true" duration-ms="9211" started-at="2016-06-02T12:19:32Z" finished-at="2016-06-02T12:19:41Z">
          <params>
            <param index="0">
              <value>
                <![CDATA[firefox]]>
              </value>
            </param>
          </params>
          <reporter-output>
          </reporter-output>
        </test-method> <!-- testRead -->
        <test-method status="PASS" signature="FlightBooking_Select_Lowest_ArrivalFare_Lowest_DepartureFare_Click_Book_Button_ValidateFunctionality()[pri:0, instance:com.devops.src.testcases.Booking@ba2a48]" name="FlightBooking_Select_Lowest_ArrivalFare_Lowest_DepartureFare_Click_Book_Button_ValidateFunctionality" duration-ms="28246" started-at="2016-06-02T12:21:00Z" finished-at="2016-06-02T12:21:28Z">
          <reporter-output>
          </reporter-output>
        </test-method> <!-- FlightBooking_Select_Lowest_ArrivalFare_Lowest_DepartureFare_Click_Book_Button_ValidateFunctionality -->
        <test-method status="PASS" signature="FlightBooking_Enter_Empty_Source_Empty_Destination_Select_DepartureDate_ReturnDate_Click_Search_Button_ValidateFunctionality()[pri:0, instance:com.devops.src.testcases.Booking@ba2a48]" name="FlightBooking_Enter_Empty_Source_Empty_Destination_Select_DepartureDate_ReturnDate_Click_Search_Button_ValidateFunctionality" duration-ms="8776" started-at="2016-06-02T12:21:28Z" finished-at="2016-06-02T12:21:37Z">
          <reporter-output>
          </reporter-output>
        </test-method> <!-- FlightBooking_Enter_Empty_Source_Empty_Destination_Select_DepartureDate_ReturnDate_Click_Search_Button_ValidateFunctionality -->
        <test-method status="PASS" signature="testEnd()[pri:0, instance:com.devops.src.testcases.Booking@ba2a48]" name="testEnd" is-config="true" duration-ms="1077" started-at="2016-06-02T12:22:06Z" finished-at="2016-06-02T12:22:07Z">
          <reporter-output>
          </reporter-output>
        </test-method> <!-- testEnd -->
        <test-method status="PASS" signature="testEnd()[pri:0, instance:com.devops.src.testcases.Main@837a77]" name="testEnd" is-config="true" duration-ms="699" started-at="2016-06-02T12:22:07Z" finished-at="2016-06-02T12:22:07Z">
          <reporter-output>
          </reporter-output>
        </test-method> <!-- testEnd -->
        <test-method status="PASS" signature="testEnd()[pri:0, instance:com.devops.src.testcases.Payment@1554825]" name="testEnd" is-config="true" duration-ms="371" started-at="2016-06-02T12:22:07Z" finished-at="2016-06-02T12:22:08Z">
          <reporter-output>
          </reporter-output>
        </test-method> <!-- testEnd -->
      </class> <!-- com.devops.src.testcases.Booking -->
      <class name="com.devops.src.testcases.Payment">
        <test-method status="PASS" signature="Payment_Select_UserTitle_Input_AdultName_Fields_EmailAddress_MobileNumber_Click_MakePayment_Button_ValidateFunctionality()[pri:0, instance:com.devops.src.testcases.Payment@1554825]" name="Payment_Select_UserTitle_Input_AdultName_Fields_EmailAddress_MobileNumber_Click_MakePayment_Button_ValidateFunctionality" duration-ms="28883" started-at="2016-06-02T12:21:37Z" finished-at="2016-06-02T12:22:06Z">
          <reporter-output>
          </reporter-output>
        </test-method> <!-- Payment_Select_UserTitle_Input_AdultName_Fields_EmailAddress_MobileNumber_Click_MakePayment_Button_ValidateFunctionality -->
      </class> <!-- com.devops.src.testcases.Payment -->
    </test> <!-- Main_Windows_FF -->
  </suite> <!-- suite -->
</testng-results>
